8 27 36 40 41 49 74 77 109 128 175
23 39 43 48 53 137 159 163 190 207 242 254 257 261 269 287 292 306
7 20 28 67 91 102 103 129 161 188 217 229 236 240
13 21 34 52 60 144 146 151 153 200 214 223 232 241 252 281 297 309 310 323 330 339
50 56 69 79 81 85 89 93 100 125 130 133 138 152 166 169 177 185 186 196 215 222 234 260 266 268 272 274 275 304 328 332 354 358 361 371 386 401 404 408 411 414 415 417 427 428 430 433 435 437 439 441 445 451
6 12 44 45 59 70 72 114 123 154 176 178 182 206 259 264 265 279 283 285 288 314 318 327 334 348 359 363 369 383 400 403 406 410 422 426
3 10 16 61 95 97 116 120 170 173 210 212 248 255
1 11 24 31 32 80 101 111 122 131 132 184 193 198 209 219 237 239 249 282 293 311 333 343 349 351 366 379
15 19 54 75 82 99 121 145 150 168 171 179
2 17 37 51 55 83 86 92 105 113 117 127 142 143 158 167 227 243 270 301 305 307 317 321 337 347 355 380 391 392 396 405 407 409
5 9 14 22 30 38 73 87 108 124 139 156 162 187 199 218 221 225 226 231 267 278 286 289 294 325 350 381 387
18 33 47 66 68 78 88 90 94 98 110 118 135 136 141 147 155 180 189 192 197 202 211 228 233 244 253 256 262 277 284 296 303 312 319 331 335 340 341 346 352 362 364 367 368 373 377 382 384 385 388 389 390 394 399 412 413 416 419 423 424 429 431 432 434 440 443 448 453 454 458 459 460
25 26 35 58 62 65 96 106 119 140 148 181 191 208 220 230 238 247 291 298 313 315 324 326 345 353 360 370 372 376
4 42 112 126 164 165 172 174 194 195 201 203 213 245 250 251 263 273 299 300 308 316 320 342
29 46 57 63 64 71 76 84 104 107 115 134 149 157 160 183 204 205 216 224 235 246 258 271 276 280 290 295 302 322 329 336 338 344 356 357 365 374 375 378 393 395 397 398 402 418 420 421 425 436 438 442 444 446 447 449 450 452 455 456 457
469 474 484 488 490 494 496 510 513 517 521 526 530 543 546 550 553 558 581 582 593
464 466 471 479 485 489 491 499 506 520 533
461 463 467 472 482 487 493 495 498 502 504 509 515 519 528 529 535 537 539 541 544 547 551 554 555 560 562 563 564 567 569 571 572 573 574 576 578 583 584 589 596 597 598 601 603 608 610 612 618 620 621 626 628 630 631
462 465 468 470 473 475 476 477 478 480 481 483 486 492 497 500 501 503 505 507 508 511 512 514 516 518 522 523 524 525 527 531 532 534 536 538 540 542 545 548 549 552 556 557 559 561 565 566 568 570 575 577 579 580 585 586 587 588 590 591 592 594 595 599 600 602 604 605 606 607 609 611 613 614 615 616 617 619 622 623 624 625 627 629 632 633 634 635 636 637 638
641 659 660 671 678 688 693 708 709 711 712 730 741 775 779 807 818 822 832 852 853 857 860 869 873 879 885 889 907 909 923 926 932 933 935 937 943 962 963 973 979 997 1001 1003 1004 1006 1008 1014
702 714 718 724 748 759 770 781 786 793 795 821 830
654 661 683 686 725 726 763 765 776 794 800 803
643 652 670 672 674 687 701 705 721 732 736 739 742 743 746 755 771 782 791 813 815 829 837 840 841 844 846 850 851 858 859 864 867 868 886 891 894 897 908 925 931 946 949 952 955 956 959 960 967 971 977 984 985 986 991 992 993 999 1000 1002 1007 1009 1016 1018 1019 1022 1023 1025 1029 1032
658 676 692 720 737 756 761 768 778 787 801
690 694 716 719 731 780 785 797 820 823 833 836 839 854 856
642 651 657 664 665 667 699 715 728 733 757 758 777 784 802 806 816 817 828 834 862 872 876 880 881 882 884 896 899 902 903 906 913 917 919 929 940 941 947 948 950 953 961 966 969 972 975 976 988 989 990 994 995 998 1005 1010 1011 1012 1017 1028 1031
639 644 648 650 656 663 669 707 717 767
666 735 747 769 809 810 825 826 827 855 865 887 890 892 895 904 911 912 918 920 921 942 951 954 958 965 968 970 974
645 646 649 653 662 677 679 680 684 685 691 697 698 700 710 713 722 723 727 734 738 744 745 749 751 753 762 772 773 774 789 790 796 798 799 804 805 808 811 812 824 831 835 838 842 845 847 848 861 863 866 870 874 875 877 883 888 893 898 900 910 914 922 927 928 934 936 938 939 944 957 964 978 980 981 982 983 987 996 1013 1015 1020 1021 1024 1026 1027 1030
640 647 682 689 695 696 704 729 740 766 783 788 819
655 668 673 675 681 703 706 750 752 754 760 764 792 814 843 849 871 878 901 905 915 916 924 930 945
1035 1036 1039 1040 1041 1045 1050 1052 1055 1059 1062 1063 1064 1067 1070 1074 1076 1082 1088 1090 1092 1097 1099 1100 1103 1105 1106 1109 1113 1114 1115 1117 1118 1120 1121 1122 1127 1128 1130 1132 1135 1143 1147 1152 1156 1160 1165 1167 1172 1173 1176 1177 1179 1189 1190 1192 1194 1196 1197 1198 1200 1201 1202 1204 1205 1210 1211 1212 1213 1214 1219 1222 1229 1230 1231 1238 1241 1247 1256 1263 1264
1033 1043 1049 1051 1053 1057 1061 1066 1068 1069 1073 1075 1077 1079 1081 1083 1084 1085 1087 1093 1102 1107 1112 1116 1119 1131 1137 1138 1151 1154 1158 1163 1168 1170 1174 1178 1181 1193 1195 1199 1203 1220 1226 1237 1244 1250 1252 1253 1255 1257
1038 1044 1046 1047 1054 1060 1065 1080 1086 1089 1094 1096 1101 1110 1111 1123 1124 1125 1129 1133 1134 1139 1142 1144 1145 1148 1155 1159 1164 1166 1183 1185 1186 1188 1208 1209 1217 1218 1223 1224 1228 1233 1234 1235 1239 1245 1248 1249 1251 1254 1258 1259 1260 1261 1262
1034 1037 1042 1048 1056 1058 1071 1072 1078 1091 1095 1098 1104 1108 1126 1136 1140 1141 1146 1149 1150 1153 1157 1161 1162 1169 1171 1175 1180 1182 1184 1187 1191 1206 1207 1215 1216 1221 1225 1227 1232 1236 1240 1242 1243 1246
1268 1273 1274 1276 1277 1280 1284 1287 1289 1293 1296 1301 1314 1317 1318 1319 1320 1327 1329 1333 1334 1337 1340 1341 1344 1348 1352 1353 1355 1360 1361 1364 1367 1369 1374 1375 1377 1383 1384 1386 1391 1393 1397 1411 1414 1416 1423 1426 1438 1439 1443 1445 1452 1454 1456 1457 1458 1472 1476 1490 1491 1494 1495 1497 1498 1499 1500 1501 1502
1269 1270 1271 1272 1275 1281 1288 1294 1297 1298 1305 1311 1316 1321 1323 1325 1326 1328 1336 1338 1339 1345 1347 1350 1356 1379 1381 1402 1404 1407 1413 1415 1417 1432 1433 1436 1444 1447 1449 1462 1463 1467 1468 1471 1474 1475 1478 1479 1482 1486 1489 1492 1493 1496
1299 1300 1304 1313 1332 1342 1357 1366 1368 1370 1376 1385 1389 1400 1403 1406 1409 1412 1421 1431 1434 1448
1278 1279 1295 1307 1308 1312 1335 1343 1346 1349 1354 1359 1373 1380 1387 1388 1392 1394 1396 1399 1401 1405 1408 1418 1419 1424 1428 1430 1437 1441 1442 1451 1453 1460 1461 1466 1469 1470 1477 1484 1485
1283 1285 1291 1292 1302 1303 1310 1330 1363 1365 1371 1378
1265 1266 1267 1282 1286 1290 1306 1309 1315 1322 1324 1331 1351 1358 1362 1372 1382 1390 1395 1398 1410 1420 1422 1425 1427 1429 1435 1440 1446 1450 1455 1459 1464 1465 1473 1480 1481 1483 1487 1488
1524 1541 1542 1549 1557 1577 1614 1619 1628 1635 1653 1658 1683 1696 1700 1721 1726 1733 1752 1758 1763 1765
1519 1522 1532 1533 1534 1536 1537 1538 1540 1546 1558 1559 1563 1565 1569 1572 1574 1576 1578 1579 1584 1586 1587 1602 1606 1609 1612 1613 1617 1620 1621 1622 1624 1625 1629 1630 1633 1638 1643 1644 1666 1667 1672 1674 1678 1682 1685 1686 1687 1688 1690 1701 1702 1703 1705 1711 1715 1716 1722 1730 1755 1762 1764 1766 1769 1776 1779 1780 1787 1791 1793 1797 1802 1805 1808 1811 1813 1817 1819 1825 1830 1831 1836 1837 1843 1844
1506 1507 1510 1513 1515 1520 1523 1526 1544 1545 1547 1548 1551 1554 1562 1573 1575 1592 1593 1595 1605 1607 1623 1627 1632 1642 1646 1647 1654 1665 1670 1676 1677 1680 1689 1693 1704 1709 1712 1714 1717 1732 1738 1741 1746 1748 1750 1753 1757 1761 1771 1772 1775 1777 1778 1782 1789 1792 1794 1795 1798 1809 1814 1815 1820 1821 1823 1824 1826 1832 1833 1840 1845 1847
1504 1516 1517 1518 1521 1527 1530 1531 1543 1550 1555 1567 1568 1571 1585 1590 1591 1597 1599 1600 1601 1603 1608 1610 1611 1615 1618 1634 1640 1650 1657 1659 1661 1664 1669 1675 1692 1699 1713 1719 1720 1724 1727 1736 1739 1743 1744 1745 1749 1756 1759 1767 1773 1783 1785 1788 1800 1804 1810 1818 1822 1829 1835 1842
1503 1505 1508 1509 1511 1512 1514 1525 1528 1529 1535 1539 1552 1553 1556 1560 1561 1564 1566 1570 1580 1581 1582 1583 1588 1589 1594 1596 1598 1604 1616 1626 1631 1636 1637 1639 1641 1645 1648 1649 1651 1652 1655 1656 1660 1662 1663 1668 1671 1673 1679 1681 1684 1691 1694 1695 1697 1698 1706 1707 1708 1710 1718 1723 1725 1728 1729 1731 1734 1735 1737 1740 1742 1747 1751 1754 1760 1768 1770 1774 1781 1784 1786 1790 1796 1799 1801 1803 1806 1807 1812 1816 1827 1828 1834 1838 1839 1841 1846
1848 1849 1853 1858 1861 1862 1864 1865 1869 1870 1872 1876 1891 1892 1896 1897 1904 1905 1906 1907 1909 1910 1911 1912 1913 1914 1915 1916 1921 1922 1924 1927 1930 1936 1938 1945 1946 1954 1959 1964 1970 1972 1976 1977 1983 1984 1985 1991 1995
1850 1852 1854 1855 1856 1857 1859 1863 1866 1867 1868 1877 1878 1879 1881 1882 1883 1884 1885 1886 1887 1888 1889 1890 1893 1898 1899 1901 1902 1903 1908 1917 1919 1920 1923 1925 1931 1932 1933 1934 1935 1937 1939 1940 1941 1942 1944 1947 1950 1952 1955 1956 1958 1960 1961 1962 1963 1965 1966 1971 1974 1975 1978 1979 1980 1981 1982 1986 1987 1988 1989 1990 1992 1993 1994 1996 1997 1998 1999 2000
1851 1860 1871 1873 1874 1875 1880 1894 1895 1900 1918 1926 1928 1929 1943 1948 1949 1951 1953 1957 1967 1968 1969 1973
