1 2 4 9 10 14 16 17 18 19 20 22 23 26 27 28 31 35 37 38 42 43 46 47 49 50 51 53 54 55 57 58 61 62 64 71 73 75 76 78 80 81 82 85 86 89 91 93 94 95 96 105 108 112 113 115 116 117 118 119 121 123 124 125 126 127 130 131 134 135 136 137 139 142 143 144 150
3 5 6 7 8 11 12 13 15 21 24 25 29 30 32 33 34 36 39 40 41 44 45 48 52 56 59 60 63 65 66 67 68 69 70 72 74 77 79 83 84 87 88 90 92 97 98 99 100 101 102 103 104 106 107 109 110 111 114 120 122 128 129 132 133 138 140 141 145 146 147 148 149 151 152 153
159 168 179 183 202 215 238 247 251 254 258 260 273 275 286 310 314
161 163 175 177 189 191 192 218 228 232 235 246 257 266 284 288 292 295 297 306 309 319 322 325 326 328 329 330 333 335 347 354 356 360 368 369 372
154 172 186 209 222 223 236 243 256 262 269 274 290 298 303 317 320 324 331 337 338 339 340 342 343 350 351 357 359 364
155 164 165 169 171 180 182 188 190 193 197 198 219 224 225 226 229 233 240 241 244 255 259 261 264 268 277 285 289 296 300 301 304 307 308 316 327 336 344 346 349 358 361 365 367 370 371 374 375 376 380 381 382 383 384 385 386 387 388 389 390 391
160 162 174 185 194 195 196 204 205 206 212 221 231 237 239 245 248 249 253 271 278 282 283 287 305 313 321 323 332 334 341 345 348 352 353 355 362 363 366 373 377 378 379
158 173 176 199 200 207 217 227 242 252 265 272 280 299 311
156 157 167 184 203 213 214 216 230 234 250 276 279 291 302 315 318
166 170 178 181 187 201 208 210 211 220 263 267 270 281 293 294 312
395 406 413 418 419 432 433 435 436 442 443 447 457 459 461 466 467 488 490 491 498 499 509 510 511 516 518 534 541 542 545 565 569 578 582 589 597 607 611 622 628 669 688 689 699 705 709 713 714 717 718 719 720 721 722 723 724 725 726 727 728 729
404 405 411 416 423 425 430 431 438 451 453 485 494 502 503 505 538 546 548 559 561 573 574 577 590 600 606 610 615 623 624 636 638 643 650 668 678 692 697 698 701 707
402 412 421 422 427 446 449 452 454 458 468 470 474 475 478 501 504 512 525 530 531 535 550 555 558 580 586 602 614 616 633 642 652 655 662 664 675 681 685 691 693 694 702 703 704 706 712
394 399 410 426 448 463 465 473 477 495 496 514 517 549 571 579 584 595 596 598 599 608 612 630 649 653 673 676
398 408 414 417 424 437 439 462 464 471 472 481 483 484 487 493 513 515 523 529 536 560 570 575 583 603 605 618 619 620 621 632 635 641 647 658 660 666 672 677 684 687 690 700 711
393 396 407 429 450 455 460 469 497 520 522 526 532 537 556 564 566 592 613 617 631 644 648 654 656 671
392 397 401 403 409 440 441 476 480 482 500 521 524 527 533 540 543 547 562 563 572 587 591 601 609 625 626 629 634 637 639 657 659 661 663 665 670 682 683 686 695
400 415 420 428 434 444 445 456 479 486 489 492 506 507 508 519 528 539 544 551 552 553 554 557 567 568 576 581 585 588 593 594 604 627 640 645 646 651 667 674 679 680 696 708 710 715 716
731 734 737 740 741 743 748 752 758 759 761 762 763 768 769 771 775 778 781 786 787 788 790 792 794 795 796 798 799 800 802 804 807 811 812 813 818 822 826 829 830 831 836 839 840 841 844 845 847 849 851 852 853 854 855 856 858 859 863 866 868 871 873 875 876 877 878 879 881 885 886 887 888 889 890 891 892 893
730 736 754 757 764 767 772 779 780 791 797 814 817 820 824 827 835 837
732 735 738 739 744 745 755 756 766 782 789 793 803 806 808 810 819 821 825 833 842 843 846 857 860 865 869
733 742 746 747 749 750 751 753 760 765 770 773 774 776 777 783 784 785 801 805 809 815 816 823 828 832 834 838 848 850 861 862 864 867 870 872 874 880 882 883 884
898 904 909 916 925 928 929 935 937 942 955 956 978 981 1001 1013 1021 1032 1039 1044 1046 1051 1057 1058 1060 1061 1062 1063 1073 1082 1092 1094 1097
895 897 906 908 912 915 917 918 919 920 921 924 936 939 943 944 950 951 953 957 958 961 962 972 976 980 986 987 990 992 995 998 1002 1005 1008 1011 1016 1019 1027 1030 1036 1037 1040 1042 1043 1049 1052 1054 1059 1067 1068 1069 1070 1072 1078 1079 1080 1085 1087 1088 1090 1099 1100 1104 1108 1110 1111 1112 1116 1119 1120 1121 1122 1123 1124 1125 1126
905 948 952 954 965 973 977 983 993 996 997 999 1006 1015 1017 1031 1048 1056 1065
894 896 899 901 907 913 926 933 940 963 964 966 971 974 984 994 1003 1007 1023 1028 1029 1041 1050 1066 1071
910 911 914 923 927 932 938 941 946 969 982 988 989 991 1000 1010 1014 1018 1020 1022 1025 1034 1035 1045 1053 1064 1075 1076 1077 1081 1084 1086 1089 1096
900 902 903 922 930 931 934 945 947 949 959 960 967 968 970 975 979 985 1004 1009 1012 1024 1026 1033 1038 1047 1055 1074 1083 1091 1093 1095 1098 1101 1102 1103 1105 1106 1107 1109 1113 1114 1115 1117 1118
1128 1143 1166 1182 1185 1189 1190 1218 1224 1225 1252 1254 1267 1293 1313 1317 1318 1322 1333 1342
1152 1158 1171 1179 1203 1207 1214 1219 1238 1239 1246 1256 1257 1279 1286 1287 1289 1320
1134 1141 1142 1154 1156 1165 1172 1178 1183 1187 1193 1196 1200 1220 1226 1229 1234 1242 1249 1265 1280 1288 1311 1312 1331 1334 1335 1343 1351 1355 1363 1373 1382
1137 1147 1160 1168 1175 1177 1191 1194 1198 1202 1205 1211 1217 1232 1240 1259 1275 1292 1299 1314 1323 1327 1345 1350
1151 1161 1162 1167 1169 1176 1180 1181 1184 1188 1192 1199 1204 1208 1215 1216 1233 1237 1243 1244 1248 1261 1262 1264 1268 1269 1284 1291 1310 1330 1332 1336 1338 1339 1344 1346 1353 1357 1358 1364 1369 1372 1374 1376 1377 1378 1381 1385 1391 1392 1394 1398 1399 1402 1406 1407 1410 1411 1416 1417 1418 1419
1133 1136 1138 1148 1155 1157 1164 1186 1206 1223 1230 1235 1250 1251 1253 1258 1266 1271 1273 1274 1276 1278 1281 1283 1294 1305 1306 1309 1328 1348 1352 1356 1362 1367 1370 1371 1379 1380 1384 1389 1390 1395 1397 1401 1403 1404 1405 1408 1409 1412 1413 1414 1415
1127 1132 1135 1139 1144 1145 1153 1170 1195 1201 1222 1236 1260 1272 1277 1290 1302 1303 1304 1316 1337 1340 1347 1354 1360 1361 1365 1366 1368 1375 1383 1386 1387 1388 1393 1396 1400
1129 1130 1149 1159 1163 1173 1174 1212 1213 1227 1228 1241 1255 1263 1295 1297 1301 1307 1308 1321 1324 1325 1326 1329 1349 1359
1131 1140 1146 1150 1197 1209 1210 1221 1231 1245 1247 1270 1282 1285 1296 1298 1300 1315 1319 1341
1422 1427 1432 1443 1451 1465 1468 1471 1476 1483 1495 1497 1503 1508 1512 1525 1526 1528 1533 1538 1557 1575 1588 1593 1596 1598 1600 1604 1614 1615 1618 1631 1633 1634 1645 1659 1660 1662 1671
1420 1421 1431 1450 1452 1466 1479 1482 1489 1500 1513 1515 1518 1519 1523 1529 1539 1546 1560 1564 1573 1581 1582 1584 1597 1602 1612 1620 1626 1632 1638 1640 1644 1646 1649 1654 1656 1658 1664 1665 1672 1674 1676 1678 1688
1424 1437 1438 1439 1448 1459 1467 1486 1487 1491 1492 1496 1498 1499 1502 1504 1509 1510 1524 1534 1535 1540 1545 1548 1549 1551 1553 1554 1562 1563 1566 1570 1572 1579 1580 1586 1590 1595 1603 1609 1613 1622 1624 1639 1650 1690 1691 1692 1698
1423 1426 1429 1430 1442 1444 1447 1455 1457 1460 1461 1462 1464 1470 1472 1474 1480 1484 1488 1493 1494 1505 1507 1514 1530 1536 1543 1552 1561 1565 1567 1571 1577 1578 1583 1589 1591 1607 1608 1611 1616 1617 1628 1629 1635 1637 1643 1647 1661 1666 1667 1668 1673 1680 1682 1684 1689 1693 1694 1695 1699 1700 1701 1702 1703 1704 1705 1706
1425 1436 1440 1453 1456 1458 1469 1473 1475 1477 1485 1501 1506 1511 1517 1527 1531 1542 1550 1556 1558 1559 1574 1585 1587 1594 1605 1619 1623 1625 1641 1651 1655 1657 1663 1669 1670 1675 1685
1428 1433 1434 1435 1441 1445 1446 1449 1454 1463 1478 1481 1490 1516 1520 1521 1522 1532 1537 1541 1544 1547 1555 1568 1569 1576 1592 1599 1601 1606 1610 1621 1627 1630 1636 1642 1648 1652 1653 1677 1679 1681 1683 1686 1687 1696 1697
1707 1735 1739 1740 1749 1750 1751 1763 1776 1777 1778 1781 1783 1784 1788 1796 1798 1805 1809 1810 1813 1825 1826 1840 1841 1851 1869 1873 1874 1881 1886 1896 1907 1933 1938 1945 1947 1955 1957 1958 1960 1962 1970 1971 1974 1977 1978 1981 1982 1983 1984 1986 1989 1992
1712 1723 1724 1732 1734 1741 1746 1752 1757 1760 1764 1771 1774 1782 1785 1789 1803 1819 1824 1833 1835 1837 1843 1846 1856 1857 1859 1860 1862 1867 1868 1882 1885 1895 1899 1901 1903 1905 1909 1912 1913 1919 1921 1923 1925 1932 1936 1942 1946 1950 1952 1953 1966 1968 1969 1975 1979 1985 1987 1988 1993 1994 1995 1996 1997 1998 1999 2000
1729 1743 1753 1755 1772 1773 1799 1800 1821 1827 1836 1842 1848 1850 1870 1875 1880 1914 1918 1920 1926 1928
1708 1711 1714 1717 1721 1726 1727 1747 1758 1762 1786 1806 1817 1830 1834 1863 1872 1877 1894 1902 1929 1930 1940 1943
1715 1718 1722 1731 1790 1791 1792 1794 1797 1801 1804 1820 1829 1845 1861 1876 1883 1890 1891 1904 1924 1931 1935 1941 1944 1954 1956 1959
1719 1720 1728 1730 1736 1738 1742 1745 1759 1767 1769 1770 1780 1795 1802 1812 1823 1828 1832 1838 1839 1844 1849 1853 1864 1866 1878 1884 1887 1889 1892 1893 1897 1906 1910 1911 1927 1934 1939 1948 1949 1951 1961 1963 1964 1965 1967 1972 1973 1976 1980 1990 1991
1710 1713 1716 1725 1733 1737 1748 1754 1768 1775 1779 1811 1814 1816 1855 1858 1871 1888 1898 1908 1915 1922
1709 1744 1756 1761 1765 1766 1787 1793 1807 1808 1815 1818 1822 1831 1847 1852 1854 1865 1879 1900 1916 1917 1937
