8 30 34 42 65 98 110 124 138 161 169 182 217 219 223 226 231 232 239 243 245 258 289 296 303 313 317 318 319 328 358 361 373 387 389 392 400 409 410 441 442 445 457 474 483 487 490 498 501 504 511 512 517 538 540 542 550 551 557 562 564 566 573 579 587 606 607 609 618 619 620 643 644 645 655 659 663 682 684 690 691 694 697 701 704 707 710 712 723 731 733 736 738 739
6 14 16 35 53 57 60 64 70 91 127 136 147 167 189 212 214 220 229 236 257 270 273 278 338 347 359 363 372 377 386 402 411 427 439 440 449 452 467 471 495 500 502 510 547 576 585 588 591 593 597 604 614 622 634 669 673 676 688 700 703 715 721 727 729 732 734 742
2 27 41 78 90 101 116 122 141 186 190 192 224 228 238 262 266 279 280 291 294 295 320 367 378 415 459 463 464 478 493 532 559 590 596 599 605 608 624 652 678 687
11 28 29 77 107 155 162 179 211 237 259 276 300 304 321 348 366 412 413 418 453 454 462 468 476 477 482 505 507 527 530 543 553 568 574 578 580 582 602 615 623 631 651 661 670 672 675 705
36 44 49 56 62 69 157 164 184 191 201 248 249 271 311 332 375 381 393 395 404 408 423 430 451 455 466 473 488 492 499 503 521 563 572 594 621 657 681 683
38 88 95 106 153 170 185 235 254 264 298 306 382
7 20 59 85 100 117 176 194 267 285 335 336 362
13 76 112 132 139 144 171 209 227 230 269 286 293 309 330
22 26 67 93 97 111 134 135 151 152 177 180 215 242 316 322 351 352 355 360 406 421 428 429 434 437 450 480 491 513 533 539 544 555 556 567 586 589 592 600 641 647 650 658 667 695 709
51 66 68 103 105 137 142 165 197 203 301 341 354 379 399 407
5 25 31 40 123 159 188 221 284 325 345 357 370 416 435 460 470
3 21 73 75 86 102 118 121 126 145 175 195 222 233 261 263 268 288 326 337 349 353 356 365 368 383 424 431 448 458 486 515 520 528 534 535 546 560 571 577 610 611 625 626 628 630 638 653 656 668 674 679 692 693 716 728
4 17 45 47 48 113 114 128 129 146 154 156 158 178 183 198 210 234 251 272 274 275 287 292 302 305 323 324 327 331 342 391 396 398 414 436 447 469 472 475 479 484 494 496 508 518 522 531 536 537 548 549 565 570 581 584 612 613 627 632 633 635 637 639 640 642 646 654 660 662 664 665 671 677 685 698 702 706 711 713 714 717 718 720 725 726 730 735 737
9 39 43 46 63 94 104 109 143 148 150 166 181 199 205 207 208 246 247 255 256 299 333 334 344 369 371 384 385 388 394 401 403 405 417 425 433 438 456 465 506 523 524 526 545 554 569 575 583 595 598 601 603 616 617 629 636 648 649 666 680 686 689 696 699 708 719 722 724 740 741
19 52 58 71 81 89 115 172 174 206 240 241 308 310 312 419 420 432 481 485 514 519 529 558 561
10 61 80 92 96 108 140 196 204 253 260 282 343 346 364 374 390 426 443
1 32 33 37 50 72 84 87 119 130 168 225 281 283 329 339 340 376 444 489
12 18 24 74 99 163 213 250 277 290 307 314 350 380 422 461 497 509 516 525 541 552
15 23 54 82 120 160 193 200 202 216 244 265 297 315 397 446
55 79 83 125 131 133 149 173 187 218 252
743 780 810 823 826 837 845 847 852 908 959 979 982 1018 1024 1049 1065 1073 1089
744 753 758 759 763 769 771 774 778 789 803 813 816 822 827 829 831 840 848 855 862 878 882 888 898 909 926 929 933 936 937 942 946 966 996 1001 1007 1010 1012 1030 1038 1045 1047 1051 1060 1068 1072 1091 1096 1099 1105 1109 1111 1113 1116 1121 1129 1133 1142 1146 1148 1158 1164 1171 1172 1174 1186 1187 1190 1191 1197 1201 1206 1209 1212
785 805 811 818 821 824 828 851 856 867 872 876 885 892 905 925 938 944 961 989 994 997 1000 1019 1031 1032 1036 1043 1053 1056 1062 1079 1108 1114 1124 1126 1139 1169 1175 1182 1184
755 757 765 770 776 782 788 800 804 806 807 814 820 825 838 843 857 858 870 873 881 890 902 904 910 913 914 918 923 940 943 945 950 952 954 960 981 990 995 998 1004 1013 1015 1022 1039 1058 1059 1061 1067 1069 1071 1074 1084 1086 1090 1092 1102 1103 1106 1115 1123 1132 1135 1136 1138 1140 1150 1154 1157 1160 1163 1168 1180 1183 1195 1198 1202 1204 1211 1219 1220 1221 1226 1228
746 749 754 766 781 783 784 786 794 796 799 819 839 849 850 853 859 861 863 865 871 894 900 901 911 916 919 927 931 941 964 967 978 980 983 984 987 993 1006 1008 1016 1023 1029 1046 1052 1057 1078 1088 1095 1098 1101 1107 1119 1120 1127 1134 1141 1149 1151 1152 1156 1162 1176 1185 1194 1200 1203 1208 1210 1215
747 751 760 762 768 772 773 790 798 801 809 815 817 830 832 835 836 842 854 864 868 874 879 883 884 887 893 896 903 912 915 920 924 932 948 951 965 969 970 972 975 977 986 999 1002 1025 1026 1028 1041 1050 1054 1055 1064 1075 1077 1080 1082 1100 1110 1112 1122 1125 1128 1153 1165 1167 1170 1179 1181 1189 1192 1199 1205 1207 1213 1216 1218 1223 1224 1227 1229
745 761 792 793 802 891 899 917 921 947 956 962 968 1011 1014 1021 1027 1035 1040 1048 1070 1087
756 779 787 812 834 841 860 880 886 906 907 949 963 974 991 1005 1037
748 750 752 764 767 775 777 791 795 797 808 833 844 846 866 869 875 877 889 895 897 922 928 930 934 935 939 953 955 957 958 971 973 976 985 988 992 1003 1009 1017 1020 1033 1034 1042 1044 1063 1066 1076 1081 1083 1085 1093 1094 1097 1104 1117 1118 1130 1131 1137 1143 1144 1145 1147 1155 1159 1161 1166 1173 1177 1178 1188 1193 1196 1214 1217 1222 1225
1260 1288 1319 1328 1334 1341 1362 1394 1404 1418 1425 1439 1441 1444 1461 1471 1475 1478 1479 1533 1573 1592 1612 1616 1654 1658 1660 1670 1671 1676 1686 1691 1702 1710 1717 1726 1738 1752 1757 1793 1794 1803 1806 1826 1836 1858 1859 1884 1886 1892 1897 1902 1903 1918 1921 1922 1923 1927 1951 1955 1957 1961 1962 1968 1969 1978 1980 1983 1990 1991 1995
1238 1251 1252 1286 1297 1311 1322 1338 1346 1376 1414 1438 1524 1539 1548 1550 1561 1563 1579 1581 1643 1644 1674 1689 1706 1712 1727 1739 1741 1760 1771 1778 1824 1827 1831 1863 1868 1874 1888 1924 1933 1935 1937 1941 1947 1948
1283 1321 1350 1361 1364 1426 1430 1489 1518 1521 1529 1553 1556 1608 1610 1617 1630 1698 1740 1743 1765 1775
1242 1267 1304 1312 1332 1349 1363 1382 1437 1557 1559 1576 1589
1256 1301 1310 1366 1428 1448 1451 1495 1496 1499 1501 1551 1560 1562 1656
1271 1339 1347 1389 1402 1465 1491 1492 1515 1619 1633 1638 1692 1693 1695 1699 1703 1714 1722 1746 1781 1789 1790 1791 1828 1838 1849 1864 1875 1882 1889 1894 1899 1901
1244 1253 1258 1265 1285 1289 1300 1314 1333 1337 1340 1356 1379 1391 1395 1399 1405 1423 1432 1434 1449 1458 1459 1462 1476 1513 1541 1542 1546 1565 1586 1590 1597 1603 1607 1640 1651 1659 1664 1675 1683 1684 1700 1729 1730 1732 1737 1744 1751 1753 1756 1759 1792 1796 1805 1809 1810 1840 1851 1862 1898 1905 1911 1917 1967 1975 1976 1981 1987 1998 1999
1272 1284 1292 1320 1365 1367 1377 1385 1398 1484 1498 1511 1514 1591 1600 1602 1625 1650 1716 1735 1761 1764 1769 1779 1818 1829 1860
1241 1250 1259 1277 1279 1290 1295 1343 1375 1406 1417 1452 1468 1500 1507 1543 1558 1626 1634 1648 1690
1231 1239 1240 1243 1246 1257 1264 1266 1269 1274 1296 1318 1351 1355 1368 1371 1387 1396 1413 1416 1420 1424 1443 1455 1456 1470 1472 1509 1516 1531 1535 1536 1569 1587 1605 1609 1613 1637 1645 1668 1669 1673 1677 1685 1687 1704 1709 1718 1723 1745 1750 1773 1777 1780 1788 1799 1813 1823 1832 1837 1841 1844 1846 1876 1877 1878 1887 1904 1906 1912 1913 1940 1943 1956 1963 1970 1982 1989 1992 1993
1235 1263 1287 1309 1325 1344 1469 1482 1493 1494 1528 1547 1564 1568 1620 1627 1665 1681 1694 1696 1731 1762 1767 1770 1772 1787 1821 1850 1857 1883
1230 1237 1245 1255 1261 1262 1303 1305 1307 1315 1316 1317 1327 1329 1335 1336 1359 1373 1378 1383 1388 1392 1408 1409 1427 1431 1433 1436 1446 1447 1460 1481 1485 1490 1505 1512 1522 1530 1538 1540 1554 1571 1575 1578 1583 1585 1606 1628 1632 1653 1678 1688 1701 1734 1742 1763 1774 1783 1814 1817 1839 1843 1852 1853 1856 1867 1871 1895 1907 1910 1928 1949 1950 1953 1958 1964 1972 1973 1977 1985 1994 1996 1997
1234 1270 1278 1280 1281 1345 1380 1397 1415 1454
1276 1306 1313 1342 1358 1374 1381 1386 1400 1410 1412 1445 1450 1463 1570 1580 1582 1611 1615 1624 1631 1639 1662 1667 1679 1682 1705 1724 1728 1747 1754 1786 1800 1802 1830 1845 1861 1866 1880 1893 1914 1919 1929 1931 1939 1942 1954 1971 1974 1984 1986 1988
1236 1249 1254 1268 1354 1422 1435 1442 1453 1480 1502 1508 1519 1526 1555 1588 1601 1666 1672 1680 1713 1748 1749 1812
1273 1275 1293 1308 1324 1330 1348 1357 1370 1384 1504 1517 1574 1599 1618 1621 1646 1649 1715 1720 1721 1758 1776 1785 1804 1808 1820 1848 1873
1248 1294 1298 1323 1331 1353 1360 1372 1390 1393 1401 1403 1407 1411 1421 1429 1457 1466 1467 1473 1483 1488 1510 1523 1527 1532 1537 1544 1549 1572 1577 1593 1594 1595 1614 1622 1629 1635 1655 1657 1661 1663 1697 1711 1719 1725 1733 1736 1755 1768 1782 1795 1797 1798 1801 1811 1815 1816 1825 1833 1835 1842 1855 1865 1870 1872 1885 1890 1896 1908 1909 1915 1916 1925 1930 1932 1938 1944 1945 1946 1952 1959 1960 1965 1966 1979 2000
1232 1247 1282 1352 1419 1440 1474 1477 1497 1503 1506 1525 1567 1596 1598 1604 1642 1647
1233 1291 1299 1302 1326 1369 1464 1486 1487 1520 1534 1545 1552 1566 1584 1623 1636 1641 1652 1707 1708 1766 1784 1807 1819 1822 1834 1847 1854 1869 1879 1881 1891 1900 1920 1926 1934 1936
